<?xml version="1.0" encoding="UTF-8" ?>
<testsuite errors="1" failures="0" hostname="vinzor-virtual-machine" name="JumperTest" skipped="0" tests="1" time="0.0" timestamp="2015-08-20T08:58:08">
  <properties>
[...]
</properties>
  <error message="JumperTest" type="java.lang.ClassNotFoundException">java.lang.ClassNotFoundException: JumperTest
	at java.lang.ClassLoader.loadClass(ClassLoader.java:358)
	at java.lang.Class.forName0(Native Method)
	at java.lang.Class.forName(Class.java:270)
</error>
  <system-out><![CDATA[]]></system-out>
  <system-err><![CDATA[]]></system-err>
</testsuite>
